<?xml version="1.0" encoding="UTF-8"?>
<!-- Generated by org.testng.reporters.JUnitReportReporter -->
<testsuite hostname="WINDOWS-J0ACLPE" failures="0" tests="3" name="TestNg.day_4" time="0.008" errors="0" timestamp="2024-08-25T16:10:57 IST" skipped="0">
  <testcase classname="TestNg.day_4" name="MobileLoginHomeCar" time="0.003"/>
  <system-out/>
  <testcase classname="TestNg.day_4" name="WebLoginHomeCar" time="0.003"/>
  <system-out/>
  <testcase classname="TestNg.day_4" name="print_3" time="0.002"/>
  <system-out/>
</testsuite> <!-- TestNg.day_4 -->
