<?xml version="1.0" encoding="UTF-8"?>
<!-- Generated by org.testng.reporters.JUnitReportReporter -->
<testsuite hostname="WINDOWS-J0ACLPE" failures="0" tests="2" name="TestNg.day_1" time="0.018" errors="0" timestamp="2024-08-25T16:10:57 IST" skipped="0">
  <testcase classname="TestNg.day_1" name="secondTest" time="0.003"/>
  <system-out/>
  <testcase classname="TestNg.day_1" name="demo" time="0.015"/>
  <system-out/>
</testsuite> <!-- TestNg.day_1 -->
