<?xml version="1.0" encoding="UTF-8"?>
<!-- Generated by org.testng.reporters.JUnitReportReporter -->
<testsuite hostname="WINDOWS-J0ACLPE" failures="0" tests="3" name="TestNg.Grouping" time="0.032" errors="0" timestamp="2024-08-31T17:52:32 IST" skipped="0">
  <testcase classname="TestNg.Grouping" name="loginByTwitter" time="0.004"/>
  <system-out/>
  <testcase classname="TestNg.Grouping" name="loginByFacebook" time="0.025"/>
  <system-out/>
  <testcase classname="TestNg.Grouping" name="paymentInDollar" time="0.003"/>
  <system-out/>
</testsuite> <!-- TestNg.Grouping -->
