<?xml version="1.0" encoding="UTF-8"?>
<!-- Generated by org.testng.reporters.JUnitReportReporter -->
<testsuite hostname="WINDOWS-J0ACLPE" failures="0" tests="3" name="standalone.submitOrder" time="40.313" errors="0" timestamp="2024-09-29T16:01:23 IST" skipped="0">
  <testcase classname="standalone.submitOrder" name="submitOrder" time="21.531"/>
  <system-out/>
  <testcase classname="standalone.submitOrder" name="OrderHistory" time="6.163"/>
  <system-out/>
  <testcase classname="standalone.submitOrder" name="submitOrder" time="12.619"/>
  <system-out/>
</testsuite> <!-- standalone.submitOrder -->
