<?xml version="1.0" encoding="UTF-8"?>
<!-- Generated by org.testng.reporters.JUnitReportReporter -->
<testsuite hostname="WINDOWS-J0ACLPE" failures="0" tests="3" name="standalone.submitOrder" time="60.895" errors="0" timestamp="2024-10-02T16:40:22 IST" skipped="0">
  <testcase classname="standalone.submitOrder" name="OrderHistory" time="23.214"/>
  <testcase classname="standalone.submitOrder" name="submitOrder" time="18.430"/>
  <testcase classname="standalone.submitOrder" name="submitOrder" time="19.251"/>
</testsuite> <!-- standalone.submitOrder -->
