<?xml version="1.0" encoding="UTF-8"?>
<!-- Generated by org.testng.reporters.JUnitReportReporter -->
<testsuite hostname="WINDOWS-J0ACLPE" failures="0" tests="2" name="standalone.ErrorValidation" time="37.552" errors="0" timestamp="2024-10-02T16:40:22 IST" skipped="0">
  <testcase classname="standalone.ErrorValidation" name="ProductErrorValidation" time="24.400"/>
  <testcase classname="standalone.ErrorValidation" name="LoginErrorValidation" time="13.152"/>
</testsuite> <!-- standalone.ErrorValidation -->
